[www.codeigniter.com/user_guide/index.html]
[backblue.gif]
[fade.gif]
[index.html]
[www.codeigniter.com/user_guide/_static/css/citheme.css]
[www.codeigniter.com/user_guide/genindex.html]
[www.codeigniter.com/user_guide/search.html]
[www.codeigniter.com/user_guide/general/welcome.html]
[cdnjs.cloudflare.com/ajax/libs/modernizr/2.6.2/modernizr.min.js]
[www.codeigniter.com/user_guide/installation/index.html]
[www.codeigniter.com/user_guide/installation/downloads.html]
[www.codeigniter.com/user_guide/installation/upgrading.html]
[www.codeigniter.com/user_guide/installation/troubleshooting.html]
[www.codeigniter.com/user_guide/overview/index.html]
[www.codeigniter.com/user_guide/overview/getting_started.html]
[www.codeigniter.com/user_guide/overview/at_a_glance.html]
[www.codeigniter.com/user_guide/overview/features.html]
[www.codeigniter.com/user_guide/overview/appflow.html]
[www.codeigniter.com/user_guide/overview/mvc.html]
[www.codeigniter.com/user_guide/overview/goals.html]
[www.codeigniter.com/user_guide/tutorial/index.html]
[www.codeigniter.com/user_guide/tutorial/static_pages.html]
[www.codeigniter.com/user_guide/tutorial/news_section.html]
[www.codeigniter.com/user_guide/tutorial/create_news_items.html]
[www.codeigniter.com/user_guide/tutorial/conclusion.html]
[www.codeigniter.com/user_guide/contributing/index.html]
[www.codeigniter.com/user_guide/documentation/index.html]
[www.codeigniter.com/user_guide/DCO.html]
[www.codeigniter.com/user_guide/general/index.html]
[www.codeigniter.com/user_guide/general/urls.html]
[www.codeigniter.com/user_guide/general/controllers.html]
[www.codeigniter.com/user_guide/general/reserved_names.html]
[www.codeigniter.com/user_guide/general/views.html]
[www.codeigniter.com/user_guide/general/models.html]
[www.codeigniter.com/user_guide/general/helpers.html]
[www.codeigniter.com/user_guide/general/libraries.html]
[www.codeigniter.com/user_guide/general/creating_libraries.html]
[www.codeigniter.com/user_guide/general/drivers.html]
[www.codeigniter.com/user_guide/general/creating_drivers.html]
[www.codeigniter.com/user_guide/general/core_classes.html]
[www.codeigniter.com/user_guide/general/ancillary_classes.html]
[www.codeigniter.com/user_guide/general/hooks.html]
[www.codeigniter.com/user_guide/general/autoloader.html]
[www.codeigniter.com/user_guide/general/common_functions.html]
[www.codeigniter.com/user_guide/general/compatibility_functions.html]
[www.codeigniter.com/user_guide/general/routing.html]
[www.codeigniter.com/user_guide/general/errors.html]
[www.codeigniter.com/user_guide/general/caching.html]
[www.codeigniter.com/user_guide/general/profiling.html]
[www.codeigniter.com/user_guide/general/cli.html]
[www.codeigniter.com/user_guide/general/managing_apps.html]
[www.codeigniter.com/user_guide/general/environments.html]
[www.codeigniter.com/user_guide/general/alternative_php.html]
[www.codeigniter.com/user_guide/general/security.html]
[www.codeigniter.com/user_guide/general/styleguide.html]
[www.codeigniter.com/user_guide/libraries/index.html]
[www.codeigniter.com/user_guide/libraries/benchmark.html]
[www.codeigniter.com/user_guide/libraries/caching.html]
[www.codeigniter.com/user_guide/libraries/calendar.html]
[www.codeigniter.com/user_guide/libraries/cart.html]
[www.codeigniter.com/user_guide/libraries/config.html]
[www.codeigniter.com/user_guide/libraries/email.html]
[www.codeigniter.com/user_guide/libraries/encrypt.html]
[www.codeigniter.com/user_guide/libraries/encryption.html]
[www.codeigniter.com/user_guide/libraries/file_uploading.html]
[www.codeigniter.com/user_guide/libraries/form_validation.html]
[www.codeigniter.com/user_guide/libraries/ftp.html]
[www.codeigniter.com/user_guide/libraries/image_lib.html]
[www.codeigniter.com/user_guide/libraries/input.html]
[www.codeigniter.com/user_guide/libraries/javascript.html]
[www.codeigniter.com/user_guide/libraries/language.html]
[www.codeigniter.com/user_guide/libraries/loader.html]
[www.codeigniter.com/user_guide/libraries/migration.html]
[www.codeigniter.com/user_guide/libraries/output.html]
[www.codeigniter.com/user_guide/libraries/pagination.html]
[www.codeigniter.com/user_guide/libraries/parser.html]
[www.codeigniter.com/user_guide/libraries/security.html]
[www.codeigniter.com/user_guide/libraries/sessions.html]
[www.codeigniter.com/user_guide/libraries/table.html]
[www.codeigniter.com/user_guide/libraries/trackback.html]
[www.codeigniter.com/user_guide/libraries/typography.html]
[www.codeigniter.com/user_guide/libraries/unit_testing.html]
[www.codeigniter.com/user_guide/libraries/uri.html]
[www.codeigniter.com/user_guide/libraries/user_agent.html]
[www.codeigniter.com/user_guide/libraries/xmlrpc.html]
[www.codeigniter.com/user_guide/libraries/zip.html]
[www.codeigniter.com/user_guide/database/index.html]
[www.codeigniter.com/user_guide/database/examples.html]
[www.codeigniter.com/user_guide/database/configuration.html]
[www.codeigniter.com/user_guide/database/connecting.html]
[www.codeigniter.com/user_guide/database/queries.html]
[www.codeigniter.com/user_guide/database/results.html]
[www.codeigniter.com/user_guide/database/helpers.html]
[www.codeigniter.com/user_guide/database/query_builder.html]
[www.codeigniter.com/user_guide/database/transactions.html]
[www.codeigniter.com/user_guide/database/metadata.html]
[www.codeigniter.com/user_guide/database/call_function.html]
[www.codeigniter.com/user_guide/database/caching.html]
[www.codeigniter.com/user_guide/database/forge.html]
[www.codeigniter.com/user_guide/database/utilities.html]
[www.codeigniter.com/user_guide/database/db_driver_reference.html]
[www.codeigniter.com/user_guide/helpers/index.html]
[www.codeigniter.com/user_guide/helpers/array_helper.html]
[www.codeigniter.com/user_guide/helpers/captcha_helper.html]
[www.codeigniter.com/user_guide/helpers/cookie_helper.html]
[www.codeigniter.com/user_guide/helpers/date_helper.html]
[www.codeigniter.com/user_guide/helpers/directory_helper.html]
[www.codeigniter.com/user_guide/helpers/download_helper.html]
[www.codeigniter.com/user_guide/helpers/email_helper.html]
[www.codeigniter.com/user_guide/helpers/file_helper.html]
[www.codeigniter.com/user_guide/helpers/form_helper.html]
[www.codeigniter.com/user_guide/helpers/html_helper.html]
[www.codeigniter.com/user_guide/helpers/inflector_helper.html]
[www.codeigniter.com/user_guide/helpers/language_helper.html]
[www.codeigniter.com/user_guide/helpers/number_helper.html]
[www.codeigniter.com/user_guide/helpers/path_helper.html]
[www.codeigniter.com/user_guide/helpers/security_helper.html]
[www.codeigniter.com/user_guide/helpers/smiley_helper.html]
[www.codeigniter.com/user_guide/helpers/string_helper.html]
[www.codeigniter.com/user_guide/helpers/text_helper.html]
[www.codeigniter.com/user_guide/helpers/typography_helper.html]
[www.codeigniter.com/user_guide/helpers/url_helper.html]
[www.codeigniter.com/user_guide/helpers/xml_helper.html]
[www.codeigniter.com/user_guide/license.html]
[www.codeigniter.com/user_guide/general/requirements.html]
[www.codeigniter.com/user_guide/changelog.html]
[www.codeigniter.com/user_guide/general/credits.html]
[www.codeigniter.com/user_guide/_static/jquery.js]
[www.codeigniter.com/user_guide/_static/underscore.js]
[www.codeigniter.com/user_guide/_static/doctools.js]
[www.codeigniter.com/user_guide/index.html]
[www.codeigniter.com/user_guide/_static/ci-icon.html]
[www.codeigniter.com/user_guide/_static/js/theme.js]
[www.codeigniter.com/user_guide/_static/css/citheme.css]
[www.codeigniter.com/user_guide/_static/css/theme.css]
[www.codeigniter.com/user_guide/genindex.html]
[www.codeigniter.com/user_guide/index-2.html]
[www.codeigniter.com/user_guide/_static/searchtools.js]
[www.codeigniter.com/user_guide/search.html]
[www.codeigniter.com/user_guide/general/welcome.html]
[www.codeigniter.com/user_guide/installation/index.html]
[www.codeigniter.com/user_guide/installation/downloads.html]
[www.codeigniter.com/user_guide/installation/upgrade_319.html]
[www.codeigniter.com/user_guide/searchindex.js]
[www.codeigniter.com/user_guide/installation/upgrade_318.html]
[www.codeigniter.com/user_guide/installation/upgrade_317.html]
[www.codeigniter.com/user_guide/installation/upgrade_316.html]
[www.codeigniter.com/user_guide/installation/upgrade_315.html]
[www.codeigniter.com/user_guide/installation/upgrade_314.html]
[www.codeigniter.com/user_guide/installation/upgrade_313.html]
[www.codeigniter.com/user_guide/installation/upgrade_312.html]
[www.codeigniter.com/user_guide/installation/upgrade_311.html]
[www.codeigniter.com/user_guide/installation/upgrade_310.html]
[www.codeigniter.com/user_guide/installation/upgrade_306.html]
[www.codeigniter.com/user_guide/installation/upgrade_305.html]
[www.codeigniter.com/user_guide/installation/upgrade_304.html]
[www.codeigniter.com/user_guide/installation/upgrade_303.html]
[www.codeigniter.com/user_guide/installation/upgrade_302.html]
[www.codeigniter.com/user_guide/installation/upgrade_301.html]
[www.codeigniter.com/user_guide/installation/upgrade_300.html]
[www.codeigniter.com/user_guide/installation/upgrade_223.html]
[www.codeigniter.com/user_guide/installation/upgrade_222.html]
[www.codeigniter.com/user_guide/installation/upgrade_221.html]
[www.codeigniter.com/user_guide/installation/upgrade_220.html]
[www.codeigniter.com/user_guide/installation/upgrade_214.html]
[www.codeigniter.com/user_guide/installation/upgrade_213.html]
[www.codeigniter.com/user_guide/installation/upgrade_212.html]
[www.codeigniter.com/user_guide/installation/upgrade_211.html]
[www.codeigniter.com/user_guide/installation/upgrade_210.html]
[www.codeigniter.com/user_guide/installation/upgrade_203.html]
[www.codeigniter.com/user_guide/installation/upgrade_202.html]
[www.codeigniter.com/user_guide/installation/upgrade_201.html]
[www.codeigniter.com/user_guide/installation/upgrade_200.html]
[www.codeigniter.com/user_guide/installation/upgrade_172.html]
[www.codeigniter.com/user_guide/installation/upgrade_171.html]
[www.codeigniter.com/user_guide/installation/upgrade_170.html]
[www.codeigniter.com/user_guide/installation/upgrade_163.html]
[www.codeigniter.com/user_guide/installation/upgrade_162.html]
[www.codeigniter.com/user_guide/installation/upgrade_161.html]
[www.codeigniter.com/user_guide/installation/upgrade_160.html]
[www.codeigniter.com/user_guide/installation/upgrade_154.html]
[www.codeigniter.com/user_guide/installation/upgrade_153.html]
[www.codeigniter.com/user_guide/installation/upgrade_152.html]
[www.codeigniter.com/user_guide/installation/upgrade_150.html]
[www.codeigniter.com/user_guide/installation/upgrade_141.html]
[www.codeigniter.com/user_guide/installation/upgrade_140.html]
[www.codeigniter.com/user_guide/installation/upgrade_133.html]
[www.codeigniter.com/user_guide/installation/upgrade_132.html]
[www.codeigniter.com/user_guide/installation/upgrade_131.html]
[www.codeigniter.com/user_guide/installation/upgrade_130.html]
[www.codeigniter.com/user_guide/installation/upgrade_120.html]
[www.codeigniter.com/user_guide/installation/upgrading.html]
[www.codeigniter.com/user_guide/installation/troubleshooting.html]
[www.codeigniter.com/user_guide/overview/index.html]
[www.codeigniter.com/user_guide/overview/getting_started.html]
[www.codeigniter.com/user_guide/overview/at_a_glance.html]
[www.codeigniter.com/user_guide/overview/features.html]
[www.codeigniter.com/user_guide/installation/upgrade_b11.html]
[www.codeigniter.com/user_guide/_images/appflowchart.gif]
[www.codeigniter.com/user_guide/overview/appflow.html]
[www.codeigniter.com/user_guide/overview/mvc.html]
[www.codeigniter.com/user_guide/overview/goals.html]
[www.codeigniter.com/user_guide/tutorial/index.html]
[www.codeigniter.com/user_guide/tutorial/static_pages.html]
[www.codeigniter.com/user_guide/tutorial/news_section.html]
[www.codeigniter.com/user_guide/tutorial/create_news_items.html]
[www.codeigniter.com/user_guide/tutorial/conclusion.html]
[www.codeigniter.com/user_guide/contributing/index.html]
[www.codeigniter.com/cdn-cgi/scripts/5c5dd728/cloudflare-static/email-decode.min.js]
[www.codeigniter.com/user_guide/_downloads/ELDocs.tmbundle.zip]
[www.codeigniter.com/user_guide/documentation/index.html]
[www.codeigniter.com/user_guide/DCO.html]
[www.codeigniter.com/user_guide/general/index.html]
[www.codeigniter.com/user_guide/general/urls.html]
[www.codeigniter.com/user_guide/general/controllers.html]
[www.codeigniter.com/user_guide/general/reserved_names.html]
[www.codeigniter.com/user_guide/general/views.html]
[www.codeigniter.com/user_guide/general/models.html]
[www.codeigniter.com/user_guide/general/helpers.html]
[www.codeigniter.com/user_guide/general/libraries.html]
[www.codeigniter.com/user_guide/general/creating_libraries.html]
[www.codeigniter.com/user_guide/general/drivers.html]
[www.codeigniter.com/user_guide/general/creating_drivers.html]
[www.codeigniter.com/user_guide/general/core_classes.html]
[www.codeigniter.com/user_guide/general/ancillary_classes.html]
[www.codeigniter.com/user_guide/general/hooks.html]
[www.codeigniter.com/user_guide/general/autoloader.html]
[www.codeigniter.com/user_guide/general/common_functions.html]
[www.codeigniter.com/user_guide/general/compatibility_functions.html]
[www.codeigniter.com/user_guide/general/routing.html]
[www.codeigniter.com/user_guide/general/errors.html]
[www.codeigniter.com/user_guide/general/caching.html]
[www.codeigniter.com/user_guide/general/profiling.html]
[www.codeigniter.com/user_guide/general/cli.html]
[www.codeigniter.com/user_guide/general/managing_apps.html]
[www.codeigniter.com/user_guide/general/environments.html]
[www.codeigniter.com/user_guide/general/alternative_php.html]
[www.codeigniter.com/user_guide/general/security.html]
[www.codeigniter.com/user_guide/general/styleguide.html]
[www.codeigniter.com/user_guide/libraries/index.html]
[www.codeigniter.com/user_guide/libraries/benchmark.html]
[www.codeigniter.com/user_guide/libraries/caching.html]
[www.codeigniter.com/user_guide/libraries/calendar.html]
[www.codeigniter.com/user_guide/libraries/cart.html]
[www.codeigniter.com/user_guide/libraries/config.html]
[www.codeigniter.com/user_guide/libraries/email.html]
[www.codeigniter.com/user_guide/libraries/encrypt.html]
[www.codeigniter.com/user_guide/libraries/encryption.html]
[www.codeigniter.com/user_guide/libraries/file_uploading.html]
[www.codeigniter.com/user_guide/libraries/form_validation.html]
[www.codeigniter.com/user_guide/libraries/ftp.html]
[www.codeigniter.com/user_guide/libraries/image_lib.html]
[www.codeigniter.com/user_guide/libraries/input.html]
[www.codeigniter.com/user_guide/libraries/javascript.html]
[www.codeigniter.com/user_guide/libraries/language.html]
[www.codeigniter.com/user_guide/libraries/loader.html]
[www.codeigniter.com/user_guide/libraries/migration.html]
[www.codeigniter.com/user_guide/libraries/output.html]
[www.codeigniter.com/user_guide/libraries/pagination.html]
[www.codeigniter.com/user_guide/libraries/parser.html]
[www.codeigniter.com/user_guide/libraries/security.html]
[www.codeigniter.com/user_guide/libraries/sessions.html]
[www.codeigniter.com/user_guide/libraries/table.html]
[www.codeigniter.com/user_guide/libraries/trackback.html]
[www.codeigniter.com/user_guide/libraries/typography.html]
[www.codeigniter.com/user_guide/libraries/unit_testing.html]
[www.codeigniter.com/user_guide/libraries/uri.html]
[www.codeigniter.com/user_guide/libraries/user_agent.html]
[www.codeigniter.com/user_guide/libraries/xmlrpc.html]
[www.codeigniter.com/user_guide/libraries/zip.html]
[www.codeigniter.com/user_guide/database/index.html]
[www.codeigniter.com/user_guide/database/examples.html]
[www.codeigniter.com/user_guide/database/configuration.html]
[www.codeigniter.com/user_guide/database/connecting.html]
[www.codeigniter.com/user_guide/database/queries.html]
[www.codeigniter.com/user_guide/database/results.html]
[www.codeigniter.com/user_guide/database/helpers.html]
[www.codeigniter.com/user_guide/database/query_builder.html]
[www.codeigniter.com/user_guide/database/transactions.html]
[www.codeigniter.com/user_guide/database/metadata.html]
[www.codeigniter.com/user_guide/database/call_function.html]
[www.codeigniter.com/user_guide/database/caching.html]
[www.codeigniter.com/user_guide/database/forge.html]
[www.codeigniter.com/user_guide/database/utilities.html]
[www.codeigniter.com/user_guide/database/db_driver_reference.html]
[www.codeigniter.com/user_guide/helpers/index.html]
[www.codeigniter.com/user_guide/helpers/array_helper.html]
[www.codeigniter.com/user_guide/helpers/captcha_helper.html]
[www.codeigniter.com/user_guide/helpers/cookie_helper.html]
[www.codeigniter.com/user_guide/helpers/date_helper.html]
[www.codeigniter.com/user_guide/helpers/directory_helper.html]
[www.codeigniter.com/user_guide/helpers/download_helper.html]
[www.codeigniter.com/user_guide/helpers/email_helper.html]
[www.codeigniter.com/user_guide/helpers/file_helper.html]
[www.codeigniter.com/user_guide/helpers/form_helper.html]
[www.codeigniter.com/user_guide/helpers/html_helper.html]
[www.codeigniter.com/user_guide/helpers/inflector_helper.html]
[www.codeigniter.com/user_guide/helpers/language_helper.html]
[www.codeigniter.com/user_guide/helpers/number_helper.html]
[www.codeigniter.com/user_guide/helpers/path_helper.html]
[www.codeigniter.com/user_guide/helpers/security_helper.html]
[www.codeigniter.com/user_guide/_images/smile.gif]
[www.codeigniter.com/user_guide/helpers/smiley_helper.html]
[www.codeigniter.com/user_guide/helpers/string_helper.html]
[www.codeigniter.com/user_guide/helpers/text_helper.html]
[www.codeigniter.com/user_guide/helpers/typography_helper.html]
[www.codeigniter.com/user_guide/helpers/url_helper.html]
[www.codeigniter.com/user_guide/helpers/xml_helper.html]
[www.codeigniter.com/user_guide/license.html]
[www.codeigniter.com/user_guide/changelog.html]
[www.codeigniter.com/user_guide/general/requirements.html]
[www.codeigniter.com/user_guide/general/credits.html]
[www.codeigniter.com/user_guide/_static/jquery.js]
[www.codeigniter.com/user_guide/_static/underscore.js]
[www.codeigniter.com/user_guide/minus.png]
[www.codeigniter.com/user_guide/_static/doctools.js]
[www.codeigniter.com/user_guide/_static/js/theme.js]
[www.codeigniter.com/user_guide/_static/css/theme.css]
[www.codeigniter.com/user_guide/index-2.html]
[www.codeigniter.com/user_guide/_static/searchtools.js]
[www.codeigniter.com/user_guide/searchindex.js]
[www.codeigniter.com/user_guide/installation/upgrade_319.html]
[www.codeigniter.com/user_guide/installation/upgrade_318.html]
[www.codeigniter.com/user_guide/installation/upgrade_317.html]
[www.codeigniter.com/user_guide/installation/upgrade_316.html]
[www.codeigniter.com/user_guide/installation/upgrade_315.html]
[www.codeigniter.com/user_guide/installation/upgrade_314.html]
[www.codeigniter.com/user_guide/installation/upgrade_313.html]
[www.codeigniter.com/user_guide/installation/upgrade_312.html]
[www.codeigniter.com/user_guide/installation/upgrade_311.html]
[www.codeigniter.com/user_guide/installation/upgrade_310.html]
[www.codeigniter.com/user_guide/installation/upgrade_306.html]
[www.codeigniter.com/user_guide/installation/upgrade_305.html]
[www.codeigniter.com/user_guide/installation/upgrade_304.html]
[www.codeigniter.com/user_guide/installation/upgrade_303.html]
[www.codeigniter.com/user_guide/installation/upgrade_302.html]
[www.codeigniter.com/user_guide/installation/upgrade_301.html]
[www.codeigniter.com/user_guide/installation/upgrade_300.html]
[www.codeigniter.com/user_guide/installation/upgrade_223.html]
[www.codeigniter.com/user_guide/installation/upgrade_222.html]
[www.codeigniter.com/user_guide/installation/upgrade_221.html]
[www.codeigniter.com/user_guide/installation/upgrade_220.html]
[www.codeigniter.com/user_guide/installation/upgrade_214.html]
[www.codeigniter.com/user_guide/installation/upgrade_213.html]
[www.codeigniter.com/user_guide/installation/upgrade_212.html]
[www.codeigniter.com/user_guide/installation/upgrade_211.html]
[www.codeigniter.com/user_guide/installation/upgrade_210.html]
[www.codeigniter.com/user_guide/installation/upgrade_203.html]
[www.codeigniter.com/user_guide/installation/upgrade_202.html]
[www.codeigniter.com/user_guide/installation/upgrade_201.html]
[www.codeigniter.com/user_guide/installation/upgrade_200.html]
[www.codeigniter.com/user_guide/installation/upgrade_172.html]
[www.codeigniter.com/user_guide/installation/upgrade_171.html]
[www.codeigniter.com/user_guide/installation/upgrade_170.html]
[www.codeigniter.com/user_guide/installation/upgrade_163.html]
[www.codeigniter.com/user_guide/installation/upgrade_162.html]
[www.codeigniter.com/user_guide/installation/upgrade_161.html]
[www.codeigniter.com/user_guide/installation/upgrade_160.html]
[www.codeigniter.com/user_guide/installation/upgrade_154.html]
[www.codeigniter.com/user_guide/installation/upgrade_153.html]
[www.codeigniter.com/user_guide/installation/upgrade_152.html]
[www.codeigniter.com/user_guide/installation/upgrade_150.html]
[www.codeigniter.com/user_guide/installation/upgrade_141.html]
[www.codeigniter.com/user_guide/installation/upgrade_140.html]
[www.codeigniter.com/user_guide/installation/upgrade_133.html]
[www.codeigniter.com/user_guide/installation/upgrade_132.html]
[www.codeigniter.com/user_guide/installation/upgrade_131.html]
[www.codeigniter.com/user_guide/installation/upgrade_130.html]
[www.codeigniter.com/user_guide/installation/upgrade_120.html]
[www.codeigniter.com/user_guide/installation/upgrade_b11.html]
[www.codeigniter.com/user_guide/minus.html]
[www.codeigniter.com/user_guide/_static/fonts/fontawesome-webfont862f.html]
[www.codeigniter.com/user_guide/_static/fonts/fontawesome-webfontd41d.html]
[www.codeigniter.com/user_guide/_static/fonts/fontawesome-webfont862f-2.html]
[www.codeigniter.com/user_guide/_static/fonts/fontawesome-webfont862f-3.html]
[www.codeigniter.com/user_guide/index/index.html]
[www.codeigniter.com/user_guide/_static/fonts/fontawesome-webfont862f-4.html]
[www.codeigniter.com/user_guide/index/index.html]
